INFO 2025-06-12 06:11:46,231 autoreload 7332 139518615633920 Watching for file changes with StatReloader
INFO 2025-06-12 06:11:56,053 autoreload 7547 138402516557824 Watching for file changes with StatReloader
INFO 2025-06-12 06:11:57,608 basehttp 7547 138402366223936 "GET / HTTP/1.1" 200 2756
WARNING 2025-06-12 06:11:57,956 log 7547 138402366223936 Not Found: /favicon.ico
WARNING 2025-06-12 06:11:57,957 basehttp 7547 138402366223936 "GET /favicon.ico HTTP/1.1" 404 4578
INFO 2025-06-12 06:12:01,707 views 7547 138402366223936 User login successful: username=leon_3, user_id=4, token_issued=True
INFO 2025-06-12 06:12:01,721 basehttp 7547 138402366223936 "POST / HTTP/1.1" 302 0
INFO 2025-06-12 06:12:01,758 basehttp 7547 138402366223936 "GET /home/ HTTP/1.1" 200 8253
INFO 2025-06-12 06:12:21,942 basehttp 7547 138402366223936 "POST /request-pass/ HTTP/1.1" 302 0
INFO 2025-06-12 06:12:21,979 basehttp 7547 138402366223936 "GET /home/ HTTP/1.1" 200 9308
INFO 2025-06-12 06:12:24,056 views 7547 138402366223936 User logout: user=leon_3, refresh_token=present
INFO 2025-06-12 06:12:24,067 basehttp 7547 138402366223936 "GET /logout/ HTTP/1.1" 302 0
INFO 2025-06-12 06:12:24,076 basehttp 7547 138402366223936 "GET /login/ HTTP/1.1" 200 2770
INFO 2025-06-12 06:12:26,486 views 7547 138402366223936 User login successful: username=veronika, user_id=3, token_issued=True
INFO 2025-06-12 06:12:26,510 basehttp 7547 138402366223936 "POST /login/ HTTP/1.1" 302 0
INFO 2025-06-12 06:12:26,555 basehttp 7547 138402366223936 "GET /home/ HTTP/1.1" 200 13618
INFO 2025-06-12 06:12:40,523 basehttp 7547 138402366223936 "POST /review-request/4/ HTTP/1.1" 302 0
INFO 2025-06-12 06:12:40,549 basehttp 7547 138402366223936 "GET /home/ HTTP/1.1" 200 10157
INFO 2025-06-12 06:12:54,304 views 7547 138402366223936 User logout: user=veronika, refresh_token=present
INFO 2025-06-12 06:12:54,314 basehttp 7547 138402366223936 "GET /logout/ HTTP/1.1" 302 0
INFO 2025-06-12 06:12:54,326 basehttp 7547 138402366223936 "GET /login/ HTTP/1.1" 200 2770
INFO 2025-06-12 06:12:55,913 views 7547 138402366223936 User login successful: username=leon_3, user_id=4, token_issued=True
INFO 2025-06-12 06:12:55,929 basehttp 7547 138402366223936 "POST /login/ HTTP/1.1" 302 0
INFO 2025-06-12 06:12:55,962 basehttp 7547 138402366223936 "GET /home/ HTTP/1.1" 200 9399
INFO 2025-06-12 06:13:17,770 basehttp 7547 138402366223936 "POST /request-pass/ HTTP/1.1" 302 0
INFO 2025-06-12 06:13:17,812 basehttp 7547 138402366223936 "GET /home/ HTTP/1.1" 200 10467
INFO 2025-06-12 06:13:19,331 views 7547 138402366223936 User logout: user=leon_3, refresh_token=present
INFO 2025-06-12 06:13:19,344 basehttp 7547 138402366223936 "GET /logout/ HTTP/1.1" 302 0
INFO 2025-06-12 06:13:19,355 basehttp 7547 138402366223936 "GET /login/ HTTP/1.1" 200 2770
INFO 2025-06-12 06:13:22,727 views 7547 138402366223936 User login successful: username=veronika, user_id=3, token_issued=True
INFO 2025-06-12 06:13:22,743 basehttp 7547 138402366223936 "POST /login/ HTTP/1.1" 302 0
INFO 2025-06-12 06:13:22,763 basehttp 7547 138402366223936 "GET /home/ HTTP/1.1" 200 14468
INFO 2025-06-12 06:13:24,712 basehttp 7547 138402366223936 "POST /review-request/5/ HTTP/1.1" 302 0
INFO 2025-06-12 06:13:24,759 basehttp 7547 138402366223936 "GET /home/ HTTP/1.1" 200 14468
INFO 2025-06-12 06:13:27,570 basehttp 7547 138402366223936 "POST /review-request/5/ HTTP/1.1" 302 0
INFO 2025-06-12 06:13:27,618 basehttp 7547 138402366223936 "GET /home/ HTTP/1.1" 200 14468
INFO 2025-06-12 06:13:35,398 views 7547 138402366223936 User logout: user=veronika, refresh_token=present
INFO 2025-06-12 06:13:35,412 basehttp 7547 138402366223936 "GET /logout/ HTTP/1.1" 302 0
INFO 2025-06-12 06:13:35,426 basehttp 7547 138402366223936 "GET /login/ HTTP/1.1" 200 2770
INFO 2025-06-12 06:13:38,643 views 7547 138402366223936 User login successful: username=leon_3, user_id=4, token_issued=True
INFO 2025-06-12 06:13:38,660 basehttp 7547 138402366223936 "POST /login/ HTTP/1.1" 302 0
INFO 2025-06-12 06:13:38,695 basehttp 7547 138402366223936 "GET /home/ HTTP/1.1" 200 10467
INFO 2025-06-12 06:18:12,200 autoreload 7547 138402516557824 /home/businka/ThirdSemester/rgr/checkplace/access_control/models.py changed, reloading.
INFO 2025-06-12 06:18:12,537 autoreload 13770 137769954713600 Watching for file changes with StatReloader
INFO 2025-06-12 06:24:43,637 autoreload 20387 130649178370048 Watching for file changes with StatReloader
INFO 2025-06-12 06:24:45,714 basehttp 20387 130649096709696 "GET /home/ HTTP/1.1" 200 10468
INFO 2025-06-12 06:24:47,147 views 20387 130649096709696 User logout: user=leon_3, refresh_token=present
INFO 2025-06-12 06:24:47,155 basehttp 20387 130649096709696 "GET /logout/ HTTP/1.1" 302 0
INFO 2025-06-12 06:24:47,165 basehttp 20387 130649096709696 "GET /login/ HTTP/1.1" 200 2770
INFO 2025-06-12 06:24:50,313 views 20387 130649096709696 User login successful: username=veronika, user_id=3, token_issued=True
INFO 2025-06-12 06:24:50,327 basehttp 20387 130649096709696 "POST /login/ HTTP/1.1" 302 0
INFO 2025-06-12 06:24:50,347 basehttp 20387 130649096709696 "GET /home/ HTTP/1.1" 200 14468
INFO 2025-06-12 06:24:51,442 basehttp 20387 130649096709696 "POST /review-request/5/ HTTP/1.1" 302 0
INFO 2025-06-12 06:24:51,464 basehttp 20387 130649096709696 "GET /home/ HTTP/1.1" 200 11006
INFO 2025-06-12 06:24:54,372 views 20387 130649096709696 User logout: user=veronika, refresh_token=present
INFO 2025-06-12 06:24:54,378 basehttp 20387 130649096709696 "GET /logout/ HTTP/1.1" 302 0
INFO 2025-06-12 06:24:54,383 basehttp 20387 130649096709696 "GET /login/ HTTP/1.1" 200 2770
INFO 2025-06-12 06:24:57,561 views 20387 130649096709696 User login successful: username=leon_3, user_id=4, token_issued=True
INFO 2025-06-12 06:24:57,583 basehttp 20387 130649096709696 "POST /login/ HTTP/1.1" 302 0
INFO 2025-06-12 06:24:57,615 basehttp 20387 130649096709696 "GET /home/ HTTP/1.1" 200 10490
INFO 2025-06-12 06:26:48,428 basehttp 20387 130649096709696 "GET /home/ HTTP/1.1" 200 10510
INFO 2025-06-12 06:27:17,761 views 20387 130649096709696 User logout: user=leon_3, refresh_token=present
INFO 2025-06-12 06:27:17,773 basehttp 20387 130649096709696 "GET /logout/ HTTP/1.1" 302 0
INFO 2025-06-12 06:27:17,788 basehttp 20387 130649096709696 "GET /login/ HTTP/1.1" 200 2770
INFO 2025-06-12 06:27:20,901 views 20387 130649096709696 User login successful: username=user, user_id=2, token_issued=True
INFO 2025-06-12 06:27:20,916 basehttp 20387 130649096709696 "POST /login/ HTTP/1.1" 302 0
INFO 2025-06-12 06:27:20,938 basehttp 20387 130649096709696 "GET /home/ HTTP/1.1" 200 7522
INFO 2025-06-12 06:27:27,607 basehttp 20387 130649096709696 "GET /check_access/ HTTP/1.1" 200 4855
INFO 2025-06-12 06:27:55,429 basehttp 20387 130649096709696 "GET /check_access/ HTTP/1.1" 200 4860
INFO 2025-06-12 06:28:25,021 basehttp 20387 130649096709696 "GET /check_access/ HTTP/1.1" 200 4860
INFO 2025-06-12 07:02:39,287 autoreload 58916 123573674242048 Watching for file changes with StatReloader
INFO 2025-06-12 07:02:40,536 basehttp 58916 123573523969600 "GET / HTTP/1.1" 200 2756
INFO 2025-06-12 07:02:44,617 views 58916 123573523969600 User login successful: username=leon_3, user_id=4, token_issued=True
INFO 2025-06-12 07:02:44,634 basehttp 58916 123573523969600 "POST / HTTP/1.1" 302 0
INFO 2025-06-12 07:02:44,662 basehttp 58916 123573523969600 "GET /home/ HTTP/1.1" 200 10510
INFO 2025-06-12 07:02:48,677 views 58916 123573523969600 User logout: user=leon_3, refresh_token=present
INFO 2025-06-12 07:02:48,684 basehttp 58916 123573523969600 "GET /logout/ HTTP/1.1" 302 0
INFO 2025-06-12 07:02:48,692 basehttp 58916 123573523969600 "GET /login/ HTTP/1.1" 200 2770
INFO 2025-06-12 07:02:52,567 views 58916 123573523969600 User login successful: username=rose_12, user_id=1, token_issued=True
INFO 2025-06-12 07:02:52,586 basehttp 58916 123573523969600 "POST /login/ HTTP/1.1" 302 0
INFO 2025-06-12 07:02:52,622 basehttp 58916 123573523969600 "GET /home/ HTTP/1.1" 200 9335
INFO 2025-06-12 07:03:51,466 basehttp 58916 123573523969600 "POST /request-pass/ HTTP/1.1" 302 0
INFO 2025-06-12 07:03:51,490 basehttp 58916 123573523969600 "GET /home/ HTTP/1.1" 200 10361
INFO 2025-06-12 07:03:55,642 views 58916 123573523969600 User logout: user=rose_12, refresh_token=present
INFO 2025-06-12 07:03:55,651 basehttp 58916 123573523969600 "GET /logout/ HTTP/1.1" 302 0
INFO 2025-06-12 07:03:55,663 basehttp 58916 123573523969600 "GET /login/ HTTP/1.1" 200 2770
INFO 2025-06-12 07:03:59,133 views 58916 123573523969600 User login successful: username=veronika, user_id=3, token_issued=True
INFO 2025-06-12 07:03:59,157 basehttp 58916 123573523969600 "POST /login/ HTTP/1.1" 302 0
INFO 2025-06-12 07:03:59,177 basehttp 58916 123573523969600 "GET /home/ HTTP/1.1" 200 14473
INFO 2025-06-12 07:04:01,347 basehttp 58916 123573523969600 "POST /review-request/6/ HTTP/1.1" 302 0
INFO 2025-06-12 07:04:01,404 basehttp 58916 123573523969600 "GET /home/ HTTP/1.1" 200 11011
INFO 2025-06-12 07:04:03,656 views 58916 123573523969600 User logout: user=veronika, refresh_token=present
INFO 2025-06-12 07:04:03,662 basehttp 58916 123573523969600 "GET /logout/ HTTP/1.1" 302 0
INFO 2025-06-12 07:04:03,666 basehttp 58916 123573523969600 "GET /login/ HTTP/1.1" 200 2770
INFO 2025-06-12 07:07:08,951 views 58916 123573523969600 User login successful: username=veronika, user_id=3, token_issued=True
INFO 2025-06-12 07:07:08,965 basehttp 58916 123573523969600 "POST /login/ HTTP/1.1" 302 0
INFO 2025-06-12 07:07:08,985 basehttp 58916 123573523969600 "GET /home/ HTTP/1.1" 200 11011
INFO 2025-06-12 07:07:10,002 views 58916 123573523969600 User logout: user=veronika, refresh_token=present
INFO 2025-06-12 07:07:10,009 basehttp 58916 123573523969600 "GET /logout/ HTTP/1.1" 302 0
INFO 2025-06-12 07:07:10,020 basehttp 58916 123573523969600 "GET /login/ HTTP/1.1" 200 2770
INFO 2025-06-12 07:07:13,003 views 58916 123573523969600 User login successful: username=user, user_id=2, token_issued=True
INFO 2025-06-12 07:07:13,017 basehttp 58916 123573523969600 "POST /login/ HTTP/1.1" 302 0
INFO 2025-06-12 07:07:13,033 basehttp 58916 123573523969600 "GET /home/ HTTP/1.1" 200 7938
INFO 2025-06-12 07:24:18,838 autoreload 69590 123880197775360 Watching for file changes with StatReloader
INFO 2025-06-12 07:24:20,869 basehttp 69590 123880116053568 "GET / HTTP/1.1" 200 2756
INFO 2025-06-12 07:24:23,316 views 69590 123880116053568 User login successful: username=user, user_id=2, token_issued=True
INFO 2025-06-12 07:24:23,330 basehttp 69590 123880116053568 "POST / HTTP/1.1" 302 0
INFO 2025-06-12 07:24:23,369 basehttp 69590 123880116053568 "GET /home/ HTTP/1.1" 200 7938
INFO 2025-06-12 07:24:30,191 basehttp 69590 123880116053568 "GET /check_access/ HTTP/1.1" 200 5537
INFO 2025-06-12 07:24:39,271 basehttp 69590 123880116053568 "POST /check_access/ HTTP/1.1" 200 610
INFO 2025-06-12 07:24:43,121 basehttp 69590 123880116053568 "POST /check_access/ HTTP/1.1" 200 449
INFO 2025-06-12 07:24:59,504 basehttp 69590 123880116053568 "POST /check_access/ HTTP/1.1" 200 695
INFO 2025-06-12 07:35:10,340 basehttp 69590 123880116053568 "POST /check_access/ HTTP/1.1" 200 682
INFO 2025-06-12 07:35:13,232 basehttp 69590 123880116053568 "POST /check_access/ HTTP/1.1" 200 682
INFO 2025-06-12 07:35:15,534 basehttp 69590 123880116053568 "POST /check_access/ HTTP/1.1" 200 478
INFO 2025-06-12 07:35:18,308 basehttp 69590 123880116053568 "POST /check_access/ HTTP/1.1" 200 610
INFO 2025-06-12 07:35:20,559 basehttp 69590 123880116053568 "POST /check_access/ HTTP/1.1" 200 682
INFO 2025-06-12 07:35:26,472 basehttp 69590 123880116053568 "POST /check_access/ HTTP/1.1" 200 478
INFO 2025-06-12 07:35:46,100 basehttp 69590 123880116053568 "GET /check_access/ HTTP/1.1" 200 5531
INFO 2025-06-12 07:35:49,514 basehttp 69590 123880116053568 "POST /check_access/ HTTP/1.1" 200 610
INFO 2025-06-12 07:35:53,640 basehttp 69590 123880116053568 "POST /check_access/ HTTP/1.1" 200 491
