(0.001) SELECT "flight_customuser"."id", "flight_customuser"."password", "flight_customuser"."last_login", "flight_customuser"."is_superuser", "flight_customuser"."username", "flight_customuser"."first_name", "flight_customuser"."last_name", "flight_customuser"."is_staff", "flight_customuser"."is_active", "flight_customuser"."date_joined", "flight_customuser"."email" FROM "flight_customuser" WHERE "flight_customuser"."username" = 'Вероника' LIMIT 21; args=('Вероника',); alias=default
(0.001) SELECT "flight_customuser"."id", "flight_customuser"."password", "flight_customuser"."last_login", "flight_customuser"."is_superuser", "flight_customuser"."username", "flight_customuser"."first_name", "flight_customuser"."last_name", "flight_customuser"."is_staff", "flight_customuser"."is_active", "flight_customuser"."date_joined", "flight_customuser"."email" FROM "flight_customuser" WHERE "flight_customuser"."username" = 'Вероника' LIMIT 21; args=('Вероника',); alias=default
(0.001) SELECT 1 AS "a" FROM "django_session" WHERE "django_session"."session_key" = 'elqkx9x0gyvqgx7gl0kyogyijjdsfj7e' LIMIT 1; args=(1, 'elqkx9x0gyvqgx7gl0kyogyijjdsfj7e'); alias=default
(0.000) BEGIN; args=None; alias=default
(0.001) INSERT INTO "django_session" ("session_key", "session_data", "expire_date") VALUES ('elqkx9x0gyvqgx7gl0kyogyijjdsfj7e', 'e30:1uNBzr:yb18pO-5IjNjsOGyh4wbZ6-RQtciR5y1SWv6yENJNw4', '2025-06-19T14:55:11.535453+00:00'::timestamptz); args=('elqkx9x0gyvqgx7gl0kyogyijjdsfj7e', 'e30:1uNBzr:yb18pO-5IjNjsOGyh4wbZ6-RQtciR5y1SWv6yENJNw4', datetime.datetime(2025, 6, 19, 14, 55, 11, 535453, tzinfo=datetime.timezone.utc)); alias=default
(0.006) COMMIT; args=None; alias=default
(0.010) UPDATE "flight_customuser" SET "last_login" = '2025-06-05T14:55:11.543956+00:00'::timestamptz WHERE "flight_customuser"."id" = 1; args=(datetime.datetime(2025, 6, 5, 14, 55, 11, 543956, tzinfo=datetime.timezone.utc), 1); alias=default
JWT generated for Вероника:
Access: eyJ0eXAiOiJKV1QiLCJhbGciOiJIUzI1NiJ9.eyJ0b2tlbl90e...
Refresh: eyJ0eXAiOiJKV1QiLCJhbGciOiJIUzI1NiJ9.eyJ0b2tlbl90e...
(0.000) BEGIN; args=None; alias=default
(0.005) UPDATE "django_session" SET "session_data" = '.eJxVjDsOwjAQBe_iGlmON_5R0nMGy-v14gBypDipEHeHSCmgfTPzXiKmba1x62WJE4mzGMTpd8OUH6XtgO6p3WaZ57YuE8pdkQft8jpTeV4O9--gpl6_dTAWtAJSOmQghsweSkFOGimBCyN5SwZGq9H5oNjwYFVmZcgEh2DF-wPgPzew:1uNBzr:fmMjOSwuZMKxNi8aXgjOIRU9HZK0O-dDYeLRPRctwHY', "expire_date" = '2025-06-19T14:55:11.567682+00:00'::timestamptz WHERE "django_session"."session_key" = 'elqkx9x0gyvqgx7gl0kyogyijjdsfj7e'; args=('.eJxVjDsOwjAQBe_iGlmON_5R0nMGy-v14gBypDipEHeHSCmgfTPzXiKmba1x62WJE4mzGMTpd8OUH6XtgO6p3WaZ57YuE8pdkQft8jpTeV4O9--gpl6_dTAWtAJSOmQghsweSkFOGimBCyN5SwZGq9H5oNjwYFVmZcgEh2DF-wPgPzew:1uNBzr:fmMjOSwuZMKxNi8aXgjOIRU9HZK0O-dDYeLRPRctwHY', datetime.datetime(2025, 6, 19, 14, 55, 11, 567682, tzinfo=datetime.timezone.utc), 'elqkx9x0gyvqgx7gl0kyogyijjdsfj7e'); alias=default
(0.009) COMMIT; args=None; alias=default
"POST /login/ HTTP/1.1" 302 0
(0.006) SELECT "django_session"."session_key", "django_session"."session_data", "django_session"."expire_date" FROM "django_session" WHERE ("django_session"."expire_date" > '2025-06-05T14:55:11.655472+00:00'::timestamptz AND "django_session"."session_key" = 'elqkx9x0gyvqgx7gl0kyogyijjdsfj7e') LIMIT 21; args=(datetime.datetime(2025, 6, 5, 14, 55, 11, 655472, tzinfo=datetime.timezone.utc), 'elqkx9x0gyvqgx7gl0kyogyijjdsfj7e'); alias=default
(0.001) SELECT "flight_customuser"."id", "flight_customuser"."password", "flight_customuser"."last_login", "flight_customuser"."is_superuser", "flight_customuser"."username", "flight_customuser"."first_name", "flight_customuser"."last_name", "flight_customuser"."is_staff", "flight_customuser"."is_active", "flight_customuser"."date_joined", "flight_customuser"."email" FROM "flight_customuser" WHERE "flight_customuser"."id" = 1 LIMIT 21; args=(1,); alias=default
"GET /home/ HTTP/1.1" 200 4254
(0.001) SELECT "django_session"."session_key", "django_session"."session_data", "django_session"."expire_date" FROM "django_session" WHERE ("django_session"."expire_date" > '2025-06-05T14:55:13.516039+00:00'::timestamptz AND "django_session"."session_key" = 'elqkx9x0gyvqgx7gl0kyogyijjdsfj7e') LIMIT 21; args=(datetime.datetime(2025, 6, 5, 14, 55, 13, 516039, tzinfo=datetime.timezone.utc), 'elqkx9x0gyvqgx7gl0kyogyijjdsfj7e'); alias=default
(0.001) SELECT "flight_customuser"."id", "flight_customuser"."password", "flight_customuser"."last_login", "flight_customuser"."is_superuser", "flight_customuser"."username", "flight_customuser"."first_name", "flight_customuser"."last_name", "flight_customuser"."is_staff", "flight_customuser"."is_active", "flight_customuser"."date_joined", "flight_customuser"."email" FROM "flight_customuser" WHERE "flight_customuser"."id" = 1 LIMIT 21; args=(1,); alias=default
User Вероника is logging out.
Error blacklisting refresh token for user Вероника: 'RefreshToken' object has no attribute 'blacklist'
(0.000) SELECT "django_session"."session_key", "django_session"."session_data", "django_session"."expire_date" FROM "django_session" WHERE "django_session"."session_key" = 'elqkx9x0gyvqgx7gl0kyogyijjdsfj7e' LIMIT 21; args=('elqkx9x0gyvqgx7gl0kyogyijjdsfj7e',); alias=default
(0.007) DELETE FROM "django_session" WHERE "django_session"."session_key" IN ('elqkx9x0gyvqgx7gl0kyogyijjdsfj7e'); args=('elqkx9x0gyvqgx7gl0kyogyijjdsfj7e',); alias=default
JWT tokens cleared from cookies for user Вероника.
"GET /logout/ HTTP/1.1" 302 0
"GET /login/ HTTP/1.1" 200 4583
"GET /registration/ HTTP/1.1" 302 0
"GET /login/?next=/registration/ HTTP/1.1" 200 4583
"GET /suspicious-passengers/ HTTP/1.1" 302 0
"GET /login/?next=/suspicious-passengers/ HTTP/1.1" 200 4583
(0.006) SELECT "flight_customuser"."id", "flight_customuser"."password", "flight_customuser"."last_login", "flight_customuser"."is_superuser", "flight_customuser"."username", "flight_customuser"."first_name", "flight_customuser"."last_name", "flight_customuser"."is_staff", "flight_customuser"."is_active", "flight_customuser"."date_joined", "flight_customuser"."email" FROM "flight_customuser" WHERE "flight_customuser"."username" = 'Вероника' LIMIT 21; args=('Вероника',); alias=default
(0.001) SELECT "flight_customuser"."id", "flight_customuser"."password", "flight_customuser"."last_login", "flight_customuser"."is_superuser", "flight_customuser"."username", "flight_customuser"."first_name", "flight_customuser"."last_name", "flight_customuser"."is_staff", "flight_customuser"."is_active", "flight_customuser"."date_joined", "flight_customuser"."email" FROM "flight_customuser" WHERE "flight_customuser"."username" = 'Вероника' LIMIT 21; args=('Вероника',); alias=default
(0.001) SELECT 1 AS "a" FROM "django_session" WHERE "django_session"."session_key" = 'ut5jba9g6i4ms00st20ik27l7oi4citg' LIMIT 1; args=(1, 'ut5jba9g6i4ms00st20ik27l7oi4citg'); alias=default
(0.000) BEGIN; args=None; alias=default
(0.001) INSERT INTO "django_session" ("session_key", "session_data", "expire_date") VALUES ('ut5jba9g6i4ms00st20ik27l7oi4citg', 'e30:1uNC0d:nbdRM9ZJ0w-IFm3ZsDcbkUuT5bCg6wd6djUybdkTD5s', '2025-06-19T14:55:59.726878+00:00'::timestamptz); args=('ut5jba9g6i4ms00st20ik27l7oi4citg', 'e30:1uNC0d:nbdRM9ZJ0w-IFm3ZsDcbkUuT5bCg6wd6djUybdkTD5s', datetime.datetime(2025, 6, 19, 14, 55, 59, 726878, tzinfo=datetime.timezone.utc)); alias=default
(0.006) COMMIT; args=None; alias=default
(0.003) UPDATE "flight_customuser" SET "last_login" = '2025-06-05T14:55:59.734386+00:00'::timestamptz WHERE "flight_customuser"."id" = 1; args=(datetime.datetime(2025, 6, 5, 14, 55, 59, 734386, tzinfo=datetime.timezone.utc), 1); alias=default
JWT generated for Вероника:
Access: eyJ0eXAiOiJKV1QiLCJhbGciOiJIUzI1NiJ9.eyJ0b2tlbl90e...
Refresh: eyJ0eXAiOiJKV1QiLCJhbGciOiJIUzI1NiJ9.eyJ0b2tlbl90e...
(0.000) BEGIN; args=None; alias=default
(0.001) UPDATE "django_session" SET "session_data" = '.eJxVjDsOwjAQBe_iGlmON_5R0nMGy-v14gBypDipEHeHSCmgfTPzXiKmba1x62WJE4mzGMTpd8OUH6XtgO6p3WaZ57YuE8pdkQft8jpTeV4O9--gpl6_dTAWtAJSOmQghsweSkFOGimBCyN5SwZGq9H5oNjwYFVmZcgEh2DF-wPgPzew:1uNC0d:En2V3FeW_DOKcSF8F-uYfhtsYAqa0AdDMpJbtTtKEI0', "expire_date" = '2025-06-19T14:55:59.739098+00:00'::timestamptz WHERE "django_session"."session_key" = 'ut5jba9g6i4ms00st20ik27l7oi4citg'; args=('.eJxVjDsOwjAQBe_iGlmON_5R0nMGy-v14gBypDipEHeHSCmgfTPzXiKmba1x62WJE4mzGMTpd8OUH6XtgO6p3WaZ57YuE8pdkQft8jpTeV4O9--gpl6_dTAWtAJSOmQghsweSkFOGimBCyN5SwZGq9H5oNjwYFVmZcgEh2DF-wPgPzew:1uNC0d:En2V3FeW_DOKcSF8F-uYfhtsYAqa0AdDMpJbtTtKEI0', datetime.datetime(2025, 6, 19, 14, 55, 59, 739098, tzinfo=datetime.timezone.utc), 'ut5jba9g6i4ms00st20ik27l7oi4citg'); alias=default
(0.002) COMMIT; args=None; alias=default
"POST /login/?next=/suspicious-passengers/ HTTP/1.1" 302 0
(0.001) SELECT "django_session"."session_key", "django_session"."session_data", "django_session"."expire_date" FROM "django_session" WHERE ("django_session"."expire_date" > '2025-06-05T14:55:59.750452+00:00'::timestamptz AND "django_session"."session_key" = 'ut5jba9g6i4ms00st20ik27l7oi4citg') LIMIT 21; args=(datetime.datetime(2025, 6, 5, 14, 55, 59, 750452, tzinfo=datetime.timezone.utc), 'ut5jba9g6i4ms00st20ik27l7oi4citg'); alias=default
(0.002) SELECT "flight_customuser"."id", "flight_customuser"."password", "flight_customuser"."last_login", "flight_customuser"."is_superuser", "flight_customuser"."username", "flight_customuser"."first_name", "flight_customuser"."last_name", "flight_customuser"."is_staff", "flight_customuser"."is_active", "flight_customuser"."date_joined", "flight_customuser"."email" FROM "flight_customuser" WHERE "flight_customuser"."id" = 1 LIMIT 21; args=(1,); alias=default
"GET /home/ HTTP/1.1" 200 4254
(0.001) SELECT "django_session"."session_key", "django_session"."session_data", "django_session"."expire_date" FROM "django_session" WHERE ("django_session"."expire_date" > '2025-06-05T14:56:00.750353+00:00'::timestamptz AND "django_session"."session_key" = 'ut5jba9g6i4ms00st20ik27l7oi4citg') LIMIT 21; args=(datetime.datetime(2025, 6, 5, 14, 56, 0, 750353, tzinfo=datetime.timezone.utc), 'ut5jba9g6i4ms00st20ik27l7oi4citg'); alias=default
(0.001) SELECT "flight_customuser"."id", "flight_customuser"."password", "flight_customuser"."last_login", "flight_customuser"."is_superuser", "flight_customuser"."username", "flight_customuser"."first_name", "flight_customuser"."last_name", "flight_customuser"."is_staff", "flight_customuser"."is_active", "flight_customuser"."date_joined", "flight_customuser"."email" FROM "flight_customuser" WHERE "flight_customuser"."id" = 1 LIMIT 21; args=(1,); alias=default
(0.004) SELECT "flight_flight"."id", "flight_flight"."flight_number", "flight_flight"."destination" FROM "flight_flight"; args=(); alias=default
"GET /registration/ HTTP/1.1" 200 8408
File /home/businka/.local/lib/python3.10/site-packages/django/conf/locale/ru/__init__.py first seen with mtime 1733555706.420745
File /home/businka/.local/lib/python3.10/site-packages/django/conf/locale/ru/formats.py first seen with mtime 1733555706.420745
(0.002) SELECT "django_session"."session_key", "django_session"."session_data", "django_session"."expire_date" FROM "django_session" WHERE ("django_session"."expire_date" > '2025-06-05T14:56:03.810010+00:00'::timestamptz AND "django_session"."session_key" = 'ut5jba9g6i4ms00st20ik27l7oi4citg') LIMIT 21; args=(datetime.datetime(2025, 6, 5, 14, 56, 3, 810010, tzinfo=datetime.timezone.utc), 'ut5jba9g6i4ms00st20ik27l7oi4citg'); alias=default
(0.002) SELECT "flight_customuser"."id", "flight_customuser"."password", "flight_customuser"."last_login", "flight_customuser"."is_superuser", "flight_customuser"."username", "flight_customuser"."first_name", "flight_customuser"."last_name", "flight_customuser"."is_staff", "flight_customuser"."is_active", "flight_customuser"."date_joined", "flight_customuser"."email" FROM "flight_customuser" WHERE "flight_customuser"."id" = 1 LIMIT 21; args=(1,); alias=default
(0.004) SELECT "flight_registration"."id", "flight_registration"."last_name", "flight_registration"."first_name", "flight_registration"."passport_series", "flight_registration"."passport_number", "flight_registration"."flight_id", "flight_registration"."passenger_id", "flight_flight"."id", "flight_flight"."flight_number", "flight_flight"."destination", "flight_passenger"."id", "flight_passenger"."suspicious_status" FROM "flight_registration" INNER JOIN "flight_flight" ON ("flight_registration"."flight_id" = "flight_flight"."id") LEFT OUTER JOIN "flight_passenger" ON ("flight_registration"."passenger_id" = "flight_passenger"."id"); args=(); alias=default
(0.001) SELECT "flight_flight"."id", "flight_flight"."flight_number", "flight_flight"."destination" FROM "flight_flight"; args=(); alias=default
"GET /suspicious-passengers/ HTTP/1.1" 200 23426
(0.002) SELECT "django_session"."session_key", "django_session"."session_data", "django_session"."expire_date" FROM "django_session" WHERE ("django_session"."expire_date" > '2025-06-05T14:56:07.254915+00:00'::timestamptz AND "django_session"."session_key" = 'ut5jba9g6i4ms00st20ik27l7oi4citg') LIMIT 21; args=(datetime.datetime(2025, 6, 5, 14, 56, 7, 254915, tzinfo=datetime.timezone.utc), 'ut5jba9g6i4ms00st20ik27l7oi4citg'); alias=default
(0.002) SELECT "flight_customuser"."id", "flight_customuser"."password", "flight_customuser"."last_login", "flight_customuser"."is_superuser", "flight_customuser"."username", "flight_customuser"."first_name", "flight_customuser"."last_name", "flight_customuser"."is_staff", "flight_customuser"."is_active", "flight_customuser"."date_joined", "flight_customuser"."email" FROM "flight_customuser" WHERE "flight_customuser"."id" = 1 LIMIT 21; args=(1,); alias=default
User Вероника is logging out.
Error blacklisting refresh token for user Вероника: 'RefreshToken' object has no attribute 'blacklist'
(0.001) SELECT "django_session"."session_key", "django_session"."session_data", "django_session"."expire_date" FROM "django_session" WHERE "django_session"."session_key" = 'ut5jba9g6i4ms00st20ik27l7oi4citg' LIMIT 21; args=('ut5jba9g6i4ms00st20ik27l7oi4citg',); alias=default
(0.005) DELETE FROM "django_session" WHERE "django_session"."session_key" IN ('ut5jba9g6i4ms00st20ik27l7oi4citg'); args=('ut5jba9g6i4ms00st20ik27l7oi4citg',); alias=default
JWT tokens cleared from cookies for user Вероника.
"GET /logout/ HTTP/1.1" 302 0
"GET /login/ HTTP/1.1" 200 4583
"GET /suspicious-passengers/?flight_id=4 HTTP/1.1" 302 0
"GET /login/?next=/suspicious-passengers/%3Fflight_id%3D4 HTTP/1.1" 200 4583
"PUT /api/passengers/8/status/ HTTP/1.1" 302 0
"PUT /login/?next=/api/passengers/8/status/ HTTP/1.1" 200 4583
"PUT /api/passengers/8/status/ HTTP/1.1" 302 0
"PUT /login/?next=/api/passengers/8/status/ HTTP/1.1" 200 4583
"GET /suspicious-passengers/?flight_id=2 HTTP/1.1" 302 0
"GET /login/?next=/suspicious-passengers/%3Fflight_id%3D2 HTTP/1.1" 200 4583
